Impossible to import Faiss library!! Switching to standard nearest neighbors search implementation, this will be significantly slower.

usage: unsupervised.py [-h] [--seed SEED] [--verbose VERBOSE]
                       [--exp_path EXP_PATH] [--exp_name EXP_NAME]
                       [--exp_id EXP_ID] [--cuda CUDA] [--export EXPORT]
                       [--src_lang SRC_LANG] [--tgt_lang TGT_LANG]
                       [--emb_dim EMB_DIM] [--max_vocab MAX_VOCAB]
                       [--map_id_init MAP_ID_INIT] [--map_beta MAP_BETA]
                       [--dis_layers DIS_LAYERS] [--dis_hid_dim DIS_HID_DIM]
                       [--dis_dropout DIS_DROPOUT]
                       [--dis_input_dropout DIS_INPUT_DROPOUT]
                       [--dis_steps DIS_STEPS] [--dis_lambda DIS_LAMBDA]
                       [--dis_most_frequent DIS_MOST_FREQUENT]
                       [--dis_smooth DIS_SMOOTH]
                       [--dis_clip_weights DIS_CLIP_WEIGHTS]
                       [--adversarial ADVERSARIAL] [--n_epochs N_EPOCHS]
                       [--epoch_size EPOCH_SIZE] [--batch_size BATCH_SIZE]
                       [--map_optimizer MAP_OPTIMIZER]
                       [--dis_optimizer DIS_OPTIMIZER] [--lr_decay LR_DECAY]
                       [--min_lr MIN_LR] [--lr_shrink LR_SHRINK]
                       [--n_refinement N_REFINEMENT] [--dico_eval DICO_EVAL]
                       [--dico_method DICO_METHOD] [--dico_build DICO_BUILD]
                       [--dico_threshold DICO_THRESHOLD]
                       [--dico_max_rank DICO_MAX_RANK]
                       [--dico_min_size DICO_MIN_SIZE]
                       [--dico_max_size DICO_MAX_SIZE] [--src_emb SRC_EMB]
                       [--tgt_emb TGT_EMB]
                       [--normalize_embeddings NORMALIZE_EMBEDDINGS]
unsupervised.py: error: unrecognized arguments: --dico_train
